nohup: ignoring input
Opening file10
err in  /home/commando/data_processed/megafiles/da_created_october2020/ultimate_megafile_pieces/file10.ndjson
err in  /home/commando/data_processed/megafiles/da_created_october2020/ultimate_megafile_pieces/file10.ndjson
err in  /home/commando/data_processed/megafiles/da_created_october2020/ultimate_megafile_pieces/file10.ndjson
err in  /home/commando/data_processed/megafiles/da_created_october2020/ultimate_megafile_pieces/file10.ndjson
err in  /home/commando/data_processed/megafiles/da_created_october2020/ultimate_megafile_pieces/file10.ndjson
err in  /home/commando/data_processed/megafiles/da_created_october2020/ultimate_megafile_pieces/file10.ndjson
err in  /home/commando/data_processed/megafiles/da_created_october2020/ultimate_megafile_pieces/file10.ndjson
Begin processing file10
Length of whole data:      374778
Length of no duplicates:   374778
How many unique users:     374778
How many dates:            271198
Number of retweets:        85477
Number of unique retweets: 27774
Save of file10 done
-------------------------------------------

Opening file04
Begin processing file04
Length of whole data:      900000
Length of no duplicates:   821595
How many unique users:     821595
How many dates:            673951
Number of retweets:        152973
Number of unique retweets: 60321
Save of file04 done
-------------------------------------------

Opening file01
Begin processing file01
Length of whole data:      900000
Length of no duplicates:   67288
How many unique users:     67288
How many dates:            55091
Number of retweets:        12131
Number of unique retweets: 5171
Save of file01 done
-------------------------------------------

Opening file08
err in  /home/commando/data_processed/megafiles/da_created_october2020/ultimate_megafile_pieces/file08.ndjson
err in  /home/commando/data_processed/megafiles/da_created_october2020/ultimate_megafile_pieces/file08.ndjson
err in  /home/commando/data_processed/megafiles/da_created_october2020/ultimate_megafile_pieces/file08.ndjson
err in  /home/commando/data_processed/megafiles/da_created_october2020/ultimate_megafile_pieces/file08.ndjson
err in  /home/commando/data_processed/megafiles/da_created_october2020/ultimate_megafile_pieces/file08.ndjson
err in  /home/commando/data_processed/megafiles/da_created_october2020/ultimate_megafile_pieces/file08.ndjson
err in  /home/commando/data_processed/megafiles/da_created_october2020/ultimate_megafile_pieces/file08.ndjson
err in  /home/commando/data_processed/megafiles/da_created_october2020/ultimate_megafile_pieces/file08.ndjson
err in  /home/commando/data_processed/megafiles/da_created_october2020/ultimate_megafile_pieces/file08.ndjson
err in  /home/commando/data_processed/megafiles/da_created_october2020/ultimate_megafile_pieces/file08.ndjson
err in  /home/commando/data_processed/megafiles/da_created_october2020/ultimate_megafile_pieces/file08.ndjson
err in  /home/commando/data_processed/megafiles/da_created_october2020/ultimate_megafile_pieces/file08.ndjson
err in  /home/commando/data_processed/megafiles/da_created_october2020/ultimate_megafile_pieces/file08.ndjson
err in  /home/commando/data_processed/megafiles/da_created_october2020/ultimate_megafile_pieces/file08.ndjson
err in  /home/commando/data_processed/megafiles/da_created_october2020/ultimate_megafile_pieces/file08.ndjson
err in  /home/commando/data_processed/megafiles/da_created_october2020/ultimate_megafile_pieces/file08.ndjson
err in  /home/commando/data_processed/megafiles/da_created_october2020/ultimate_megafile_pieces/file08.ndjson
err in  /home/commando/data_processed/megafiles/da_created_october2020/ultimate_megafile_pieces/file08.ndjson
Begin processing file08
Length of whole data:      899982
Length of no duplicates:   899982
How many unique users:     899982
How many dates:            649073
Number of retweets:        207553
Number of unique retweets: 65212
Save of file08 done
-------------------------------------------

Opening file06
err in  /home/commando/data_processed/megafiles/da_created_october2020/ultimate_megafile_pieces/file06.ndjson
err in  /home/commando/data_processed/megafiles/da_created_october2020/ultimate_megafile_pieces/file06.ndjson
err in  /home/commando/data_processed/megafiles/da_created_october2020/ultimate_megafile_pieces/file06.ndjson
err in  /home/commando/data_processed/megafiles/da_created_october2020/ultimate_megafile_pieces/file06.ndjson
err in  /home/commando/data_processed/megafiles/da_created_october2020/ultimate_megafile_pieces/file06.ndjson
err in  /home/commando/data_processed/megafiles/da_created_october2020/ultimate_megafile_pieces/file06.ndjson
err in  /home/commando/data_processed/megafiles/da_created_october2020/ultimate_megafile_pieces/file06.ndjson
err in  /home/commando/data_processed/megafiles/da_created_october2020/ultimate_megafile_pieces/file06.ndjson
err in  /home/commando/data_processed/megafiles/da_created_october2020/ultimate_megafile_pieces/file06.ndjson
Begin processing file06
Length of whole data:      899991
Length of no duplicates:   899991
How many unique users:     899991
How many dates:            689090
Number of retweets:        193905
Number of unique retweets: 67314
Save of file06 done
-------------------------------------------

Opening file03
err in  /home/commando/data_processed/megafiles/da_created_october2020/ultimate_megafile_pieces/file03.ndjson
Begin processing file03
Length of whole data:      899999
Length of no duplicates:   899999
How many unique users:     899999
How many dates:            728274
Number of retweets:        167274
Number of unique retweets: 66191
Save of file03 done
-------------------------------------------

Opening file09
err in  /home/commando/data_processed/megafiles/da_created_october2020/ultimate_megafile_pieces/file09.ndjson
err in  /home/commando/data_processed/megafiles/da_created_october2020/ultimate_megafile_pieces/file09.ndjson
err in  /home/commando/data_processed/megafiles/da_created_october2020/ultimate_megafile_pieces/file09.ndjson
err in  /home/commando/data_processed/megafiles/da_created_october2020/ultimate_megafile_pieces/file09.ndjson
err in  /home/commando/data_processed/megafiles/da_created_october2020/ultimate_megafile_pieces/file09.ndjson
err in  /home/commando/data_processed/megafiles/da_created_october2020/ultimate_megafile_pieces/file09.ndjson
err in  /home/commando/data_processed/megafiles/da_created_october2020/ultimate_megafile_pieces/file09.ndjson
err in  /home/commando/data_processed/megafiles/da_created_october2020/ultimate_megafile_pieces/file09.ndjson
err in  /home/commando/data_processed/megafiles/da_created_october2020/ultimate_megafile_pieces/file09.ndjson
err in  /home/commando/data_processed/megafiles/da_created_october2020/ultimate_megafile_pieces/file09.ndjson
err in  /home/commando/data_processed/megafiles/da_created_october2020/ultimate_megafile_pieces/file09.ndjson
err in  /home/commando/data_processed/megafiles/da_created_october2020/ultimate_megafile_pieces/file09.ndjson
err in  /home/commando/data_processed/megafiles/da_created_october2020/ultimate_megafile_pieces/file09.ndjson
err in  /home/commando/data_processed/megafiles/da_created_october2020/ultimate_megafile_pieces/file09.ndjson
err in  /home/commando/data_processed/megafiles/da_created_october2020/ultimate_megafile_pieces/file09.ndjson
err in  /home/commando/data_processed/megafiles/da_created_october2020/ultimate_megafile_pieces/file09.ndjson
err in  /home/commando/data_processed/megafiles/da_created_october2020/ultimate_megafile_pieces/file09.ndjson
err in  /home/commando/data_processed/megafiles/da_created_october2020/ultimate_megafile_pieces/file09.ndjson
Begin processing file09
Length of whole data:      899982
Length of no duplicates:   899982
How many unique users:     899982
How many dates:            641153
Number of retweets:        221925
Number of unique retweets: 62592
Save of file09 done
-------------------------------------------

Opening file05
err in  /home/commando/data_processed/megafiles/da_created_october2020/ultimate_megafile_pieces/file05.ndjson
Begin processing file05
Length of whole data:      899999
Length of no duplicates:   899999
How many unique users:     899999
How many dates:            729758
Number of retweets:        163508
Number of unique retweets: 65339
Save of file05 done
-------------------------------------------

Opening file07
err in  /home/commando/data_processed/megafiles/da_created_october2020/ultimate_megafile_pieces/file07.ndjson
err in  /home/commando/data_processed/megafiles/da_created_october2020/ultimate_megafile_pieces/file07.ndjson
err in  /home/commando/data_processed/megafiles/da_created_october2020/ultimate_megafile_pieces/file07.ndjson
err in  /home/commando/data_processed/megafiles/da_created_october2020/ultimate_megafile_pieces/file07.ndjson
err in  /home/commando/data_processed/megafiles/da_created_october2020/ultimate_megafile_pieces/file07.ndjson
err in  /home/commando/data_processed/megafiles/da_created_october2020/ultimate_megafile_pieces/file07.ndjson
err in  /home/commando/data_processed/megafiles/da_created_october2020/ultimate_megafile_pieces/file07.ndjson
err in  /home/commando/data_processed/megafiles/da_created_october2020/ultimate_megafile_pieces/file07.ndjson
err in  /home/commando/data_processed/megafiles/da_created_october2020/ultimate_megafile_pieces/file07.ndjson
err in  /home/commando/data_processed/megafiles/da_created_october2020/ultimate_megafile_pieces/file07.ndjson
err in  /home/commando/data_processed/megafiles/da_created_october2020/ultimate_megafile_pieces/file07.ndjson
err in  /home/commando/data_processed/megafiles/da_created_october2020/ultimate_megafile_pieces/file07.ndjson
err in  /home/commando/data_processed/megafiles/da_created_october2020/ultimate_megafile_pieces/file07.ndjson
err in  /home/commando/data_processed/megafiles/da_created_october2020/ultimate_megafile_pieces/file07.ndjson
err in  /home/commando/data_processed/megafiles/da_created_october2020/ultimate_megafile_pieces/file07.ndjson
err in  /home/commando/data_processed/megafiles/da_created_october2020/ultimate_megafile_pieces/file07.ndjson
err in  /home/commando/data_processed/megafiles/da_created_october2020/ultimate_megafile_pieces/file07.ndjson
err in  /home/commando/data_processed/megafiles/da_created_october2020/ultimate_megafile_pieces/file07.ndjson
Begin processing file07
Length of whole data:      899982
Length of no duplicates:   899982
How many unique users:     899982
How many dates:            644255
Number of retweets:        236718
Number of unique retweets: 62026
Save of file07 done
-------------------------------------------

Opening file00
err in  /home/commando/data_processed/megafiles/da_created_october2020/ultimate_megafile_pieces/file00.ndjson
Begin processing file00
Length of whole data:      899999
Length of no duplicates:   200897
How many unique users:     200831
How many dates:            170020
Number of retweets:        48438
Number of unique retweets: 17390
Save of file00 done
-------------------------------------------

Opening file02
Begin processing file02
Length of whole data:      900000
Length of no duplicates:   212020
How many unique users:     212020
How many dates:            175183
Number of retweets:        39824
Number of unique retweets: 15962
Save of file02 done
-------------------------------------------

